<?xml version="1.0" encoding="UTF-8"?>
<!-- Generated by org.testng.reporters.JUnitReportReporter -->
<testsuite hostname="DESKTOP-4KAVAUD" failures="0" tests="3" name="com.qa.crm.tests.HomePageTest" time="2.739" errors="0" timestamp="07 May 2021 18:05:35 GMT" skipped="0">
  <testcase classname="com.qa.crm.tests.HomePageTest" name="getHomePageTitleTest" time="0.043"/>
  <testcase classname="com.qa.crm.tests.HomePageTest" name="homeMenuItemUserTest" time="1.930"/>
  <testcase classname="com.qa.crm.tests.HomePageTest" name="logOutClickTest" time="0.766"/>
</testsuite> <!-- com.qa.crm.tests.HomePageTest -->
