<?xml version="1.0" encoding="UTF-8"?>
<!-- Generated by org.testng.reporters.JUnitReportReporter -->
<testsuite hostname="DESKTOP-4KAVAUD" failures="0" tests="2" name="com.qa.crm.tests.LoginPageTest" time="11.627" errors="0" timestamp="04 May 2021 01:32:44 GMT" skipped="0">
  <testcase classname="com.qa.crm.tests.LoginPageTest" name="getLoginPageTitleTest" time="0.027"/>
  <testcase classname="com.qa.crm.tests.LoginPageTest" name="getLogin" time="11.600"/>
</testsuite> <!-- com.qa.crm.tests.LoginPageTest -->
