<?xml version="1.0" encoding="UTF-8"?>
<!-- Generated by org.testng.reporters.JUnitReportReporter -->
<testsuite hostname="DESKTOP-4KAVAUD" failures="0" tests="1" name="com.qa.crm.tests.HomePageTest" time="0.060" errors="0" timestamp="05 May 2021 18:44:15 GMT" skipped="0">
  <testcase classname="com.qa.crm.tests.HomePageTest" name="getHomePageTitleTest" time="0.060"/>
</testsuite> <!-- com.qa.crm.tests.HomePageTest -->
