<?xml version="1.0" encoding="UTF-8"?>
<!-- Generated by org.testng.reporters.JUnitReportReporter -->
<testsuite hostname="DESKTOP-4KAVAUD" failures="0" tests="3" name="com.qa.crm.tests.HomePageTest" time="4.599" errors="0" timestamp="02 May 2021 20:23:08 GMT" skipped="0">
  <testcase classname="com.qa.crm.tests.HomePageTest" name="verifyHomePageTitleTest" time="0.023"/>
  <testcase classname="com.qa.crm.tests.HomePageTest" name="verifyLoginLinkDisplayedTest" time="2.965"/>
  <testcase classname="com.qa.crm.tests.HomePageTest" name="clickLoginBtnTest" time="1.611"/>
</testsuite> <!-- com.qa.crm.tests.HomePageTest -->
