<?xml version="1.0" encoding="UTF-8"?>
<!-- Generated by org.testng.reporters.JUnitReportReporter -->
<testsuite hostname="DESKTOP-4KAVAUD" failures="0" tests="1" name="com.qa.crm.tests.HomePageTest" time="0.036" errors="0" timestamp="07 May 2021 13:22:12 GMT" skipped="0">
  <testcase classname="com.qa.crm.tests.HomePageTest" name="getHomePageTitleTest" time="0.036"/>
</testsuite> <!-- com.qa.crm.tests.HomePageTest -->
