<?xml version="1.0" encoding="UTF-8"?>
<!-- Generated by org.testng.reporters.JUnitReportReporter -->
<testsuite hostname="DESKTOP-4KAVAUD" failures="0" tests="1" name="com.qa.crm.tests.LoginPageTest" time="0.034" errors="0" timestamp="03 May 2021 02:55:10 GMT" skipped="0">
  <testcase classname="com.qa.crm.tests.LoginPageTest" name="getLoginPageTitleTest" time="0.034"/>
</testsuite> <!-- com.qa.crm.tests.LoginPageTest -->
